<?xml version="1.0" encoding="UTF-8"?>
<!-- Generated by org.testng.reporters.JUnitReportReporter -->
<testsuite skipped="0" hostname="DESKTOP-BM4NCDP" name="com.Gorest.Test.GetAllUserDataApi" tests="3" failures="0" timestamp="19 Mar 2021 04:27:45 GMT" time="55.396" errors="0">
  <testcase name="validateHeader" time="6.428" classname="com.Gorest.Test.GetAllUserDataApi"/>
  <testcase name="getAlluser" time="31.310" classname="com.Gorest.Test.GetAllUserDataApi"/>
  <testcase name="reqWithoutAuth" time="17.658" classname="com.Gorest.Test.GetAllUserDataApi"/>
</testsuite> <!-- com.Gorest.Test.GetAllUserDataApi -->
